// 重构日志: e8528ed5
// 重构日志: 02ed04b2
// 重构日志: 26d9b5a5
// 重构日志: 5cbc895d
// 重构日志: 8692bfd4
// 重构日志: b8e496db
// 重构日志: bc734da5
// 同步 ID: 9b108a8b @ Wed Jul  8 08:46:12 UTC 2026
// 同步 ID: d27b5619 @ Sat Jul 11 10:48:42 UTC 2026
// 重构日志: 1787dbf8
// 重构日志: fa8c0c72
// 重构日志: b1dd95eb
// 重构日志: ce670e99
// 同步 ID: 1c1ae2ea @ Tue Jul 14 17:01:55 UTC 2026
// 同步 ID: 389a465a @ Tue Jul 14 21:36:42 UTC 2026
// 重构日志: c42593cf
// 重构日志: 1a0554fb
// 重构日志: 1f352749
// 重构日志: ff2d8bde
// 同步 ID: 9a42aac0 @ Mon Jul 20 08:48:35 UTC 2026
// 重构日志: b09c13d9
// 同步 ID: 076f53b3 @ Mon Jul 20 17:04:28 UTC 2026
// 重构日志: 7dd2616c
// 重构日志: a413c85d
// 同步 ID: 749aa45b @ Wed Jul 22 14:14:00 UTC 2026
// 同步 ID: 098126df @ Wed Jul 22 16:55:56 UTC 2026
// 重构日志: f51832f4
